<component name="libraryTable">
  <library name="junit-jupiter-engine-5.2.0-RC1">
    <CLASSES>
      <root url="jar://$APPLICATION_PLUGINS_DIR$/junit-jupiter-engine-5.2.0-RC1.jar!/" />
    </CLASSES>
    <JAVADOC>
      <root url="jar://$APPLICATION_PLUGINS_DIR$/junit-jupiter-engine-5.2.0-RC1-javadoc.jar!/" />
    </JAVADOC>
    <SOURCES>
      <root url="jar://$APPLICATION_PLUGINS_DIR$/junit-jupiter-engine-5.2.0-RC1-sources.jar!/" />
    </SOURCES>
  </library>
</component>